\BOOKMARK [0][-]{chapter*.1}{Acknowledgements}{}% 1
\BOOKMARK [0][-]{chapter*.2}{Dedication}{}% 2
\BOOKMARK [0][-]{chapter*.4}{Introduction}{}% 3
\BOOKMARK [1][-]{section.0.1}{About the book}{chapter*.4}% 4
\BOOKMARK [1][-]{section.0.2}{Who should read this book}{chapter*.4}% 5
\BOOKMARK [1][-]{section.0.3}{Programming background required}{chapter*.4}% 6
\BOOKMARK [1][-]{section.0.4}{How to read this book}{chapter*.4}% 7
\BOOKMARK [0][-]{chapter.1}{Starting Out}{}% 8
\BOOKMARK [1][-]{section.1.1}{What is Meruem?}{chapter.1}% 9
\BOOKMARK [1][-]{section.1.2}{Why learn Meruem?}{chapter.1}% 10
\BOOKMARK [1][-]{section.1.3}{Overview of Programming Paradigms}{chapter.1}% 11
\BOOKMARK [2][-]{subsection.1.3.1}{Imperative Programming}{section.1.3}% 12
\BOOKMARK [2][-]{subsection.1.3.2}{Object-oriented Programming \(OOP\)}{section.1.3}% 13
\BOOKMARK [2][-]{subsection.1.3.3}{Functional Programming}{section.1.3}% 14
\BOOKMARK [2][-]{subsection.1.3.4}{Metaprogramming}{section.1.3}% 15
\BOOKMARK [1][-]{section.1.4}{Installing Meruem}{chapter.1}% 16
\BOOKMARK [2][-]{subsection.1.4.1}{The Java Virtual Machine}{section.1.4}% 17
\BOOKMARK [2][-]{subsection.1.4.2}{Downloading the interpreter}{section.1.4}% 18
\BOOKMARK [1][-]{section.1.5}{Installing Winter}{chapter.1}% 19
\BOOKMARK [1][-]{section.1.6}{Running the REPL}{chapter.1}% 20
\BOOKMARK [1][-]{section.1.7}{Hello World in Meruem}{chapter.1}% 21
\BOOKMARK [0][-]{chapter.2}{Data Types}{}% 22
\BOOKMARK [1][-]{section.2.1}{Number}{chapter.2}% 23
\BOOKMARK [2][-]{subsection.2.1.1}{Integer}{section.2.1}% 24
\BOOKMARK [2][-]{subsection.2.1.2}{Long}{section.2.1}% 25
\BOOKMARK [2][-]{subsection.2.1.3}{Float}{section.2.1}% 26
\BOOKMARK [2][-]{subsection.2.1.4}{Double}{section.2.1}% 27
\BOOKMARK [1][-]{section.2.2}{Boolean}{chapter.2}% 28
\BOOKMARK [1][-]{section.2.3}{Character}{chapter.2}% 29
\BOOKMARK [1][-]{section.2.4}{List}{chapter.2}% 30
\BOOKMARK [1][-]{section.2.5}{String}{chapter.2}% 31
\BOOKMARK [1][-]{section.2.6}{Symbol}{chapter.2}% 32
\BOOKMARK [1][-]{section.2.7}{Nil}{chapter.2}% 33
\BOOKMARK [0][-]{chapter.3}{Language Syntax}{}% 34
\BOOKMARK [1][-]{section.3.1}{S-expressions}{chapter.3}% 35
\BOOKMARK [1][-]{section.3.2}{Executable expressions}{chapter.3}% 36
\BOOKMARK [1][-]{section.3.3}{Why S-expressions}{chapter.3}% 37
\BOOKMARK [1][-]{section.3.4}{Special Syntaxes}{chapter.3}% 38
\BOOKMARK [2][-]{subsection.3.4.1}{Comments}{section.3.4}% 39
\BOOKMARK [2][-]{subsection.3.4.2}{Quotes}{section.3.4}% 40
\BOOKMARK [2][-]{subsection.3.4.3}{List of Pairs}{section.3.4}% 41
\BOOKMARK [0][-]{chapter.4}{Standard Functions}{}% 42
\BOOKMARK [1][-]{section.4.1}{What is a Function?}{chapter.4}% 43
\BOOKMARK [1][-]{section.4.2}{Evaluating a Function}{chapter.4}% 44
\BOOKMARK [1][-]{section.4.3}{Type-converting Functions}{chapter.4}% 45
\BOOKMARK [1][-]{section.4.4}{Functions as Operators}{chapter.4}% 46
\BOOKMARK [2][-]{subsection.4.4.1}{Arightmetic Operators}{section.4.4}% 47
\BOOKMARK [2][-]{subsection.4.4.2}{Relational Operators}{section.4.4}% 48
\BOOKMARK [2][-]{subsection.4.4.3}{Logical Operators}{section.4.4}% 49
\BOOKMARK [1][-]{section.4.5}{Conditional Functions}{chapter.4}% 50
\BOOKMARK [2][-]{subsection.4.5.1}{If-expressions}{section.4.5}% 51
\BOOKMARK [2][-]{subsection.4.5.2}{The Cond Expression}{section.4.5}% 52
\BOOKMARK [1][-]{section.4.6}{Predicates}{chapter.4}% 53
\BOOKMARK [1][-]{section.4.7}{More Utility Functions}{chapter.4}% 54
\BOOKMARK [2][-]{subsection.4.7.1}{Apply}{section.4.7}% 55
\BOOKMARK [2][-]{subsection.4.7.2}{Lazy}{section.4.7}% 56
\BOOKMARK [2][-]{subsection.4.7.3}{Identity}{section.4.7}% 57
\BOOKMARK [2][-]{subsection.4.7.4}{Increment and Decrement}{section.4.7}% 58
\BOOKMARK [0][-]{chapter.5}{Defining Variables and Functions}{}% 59
\BOOKMARK [1][-]{section.5.1}{Lambdas}{chapter.5}% 60
\BOOKMARK [1][-]{section.5.2}{Variables}{chapter.5}% 61
\BOOKMARK [2][-]{subsection.5.2.1}{Immutability and Variable bindings}{section.5.2}% 62
\BOOKMARK [1][-]{section.5.3}{Defining Functions}{chapter.5}% 63
\BOOKMARK [2][-]{subsection.5.3.1}{The main Function}{section.5.3}% 64
\BOOKMARK [1][-]{section.5.4}{Scoping}{chapter.5}% 65
\BOOKMARK [1][-]{section.5.5}{Let-expressions}{chapter.5}% 66
\BOOKMARK [0][-]{chapter.6}{Recursion}{}% 67
\BOOKMARK [1][-]{section.6.1}{What is Recursion?}{chapter.6}% 68
\BOOKMARK [1][-]{section.6.2}{Recursion and StackOverflowErrors}{chapter.6}% 69
\BOOKMARK [1][-]{section.6.3}{Tail-recursion}{chapter.6}% 70
\BOOKMARK [2][-]{subsection.6.3.1}{tail-rec and recur}{section.6.3}% 71
\BOOKMARK [0][-]{chapter.7}{Module System}{}% 72
\BOOKMARK [1][-]{section.7.1}{What is a Module?}{chapter.7}% 73
\BOOKMARK [1][-]{section.7.2}{Importing a module in the REPL}{chapter.7}% 74
\BOOKMARK [1][-]{section.7.3}{Accessing the members of a module}{chapter.7}% 75
\BOOKMARK [1][-]{section.7.4}{Importing modules in other modules}{chapter.7}% 76
\BOOKMARK [1][-]{section.7.5}{Packages}{chapter.7}% 77
\BOOKMARK [1][-]{section.7.6}{The math Module}{chapter.7}% 78
\BOOKMARK [1][-]{section.7.7}{The prelude Mode}{chapter.7}% 79
\BOOKMARK [0][-]{chapter.8}{Lists}{}% 80
\BOOKMARK [1][-]{section.8.1}{Parts of a List}{chapter.8}% 81
\BOOKMARK [1][-]{section.8.2}{Constructing a List}{chapter.8}% 82
\BOOKMARK [1][-]{section.8.3}{Searching for an element}{chapter.8}% 83
\BOOKMARK [1][-]{section.8.4}{Strings as Lists}{chapter.8}% 84
\BOOKMARK [1][-]{section.8.5}{Transforming and Filtering Lists}{chapter.8}% 85
\BOOKMARK [1][-]{section.8.6}{Folding Lists}{chapter.8}% 86
\BOOKMARK [0][-]{chapter.9}{Standard IO}{}% 87
\BOOKMARK [1][-]{section.9.1}{Printing Data to Console}{chapter.9}% 88
\BOOKMARK [1][-]{section.9.2}{Read Data from Console}{chapter.9}% 89
\BOOKMARK [0][-]{chapter.10}{Higher-order Functions}{}% 90
\BOOKMARK [1][-]{section.10.1}{Functions as Parameters}{chapter.10}% 91
\BOOKMARK [1][-]{section.10.2}{Currying}{chapter.10}% 92
\BOOKMARK [1][-]{section.10.3}{Thanks for Reading}{chapter.10}% 93
\BOOKMARK [0][-]{chapter*.8}{About the Author}{}% 94
